<?xml version="1.0" encoding="UTF-8"?>
<!-- Generated by org.testng.reporters.JUnitXMLReporter -->
<testsuite ignored="0" hostname="LAPTOP-425OC920" failures="0" tests="5" name="Default test" time="37.663" errors="0" timestamp="2024-08-21T09:54:19 IST">
  <testcase classname="com.testng.TestngDepends" name="before" time="26.888"/>
  <testcase classname="com.testng.TestngDepends" name="enterLogin" time="2.543"/>
  <testcase classname="com.testng.TestngDepends" name="enterPassword" time="2.166"/>
  <testcase classname="com.testng.TestngDepends" name="clickLogin" time="2.641"/>
  <testcase classname="com.testng.TestngDepends" name="after" time="3.286"/>
</testsuite> <!-- Default test -->
