<?xml version="1.0" encoding="UTF-8"?>
<testng-results ignored="3" total="7" passed="4" failed="0" skipped="0">
  <reporter-output>
  </reporter-output>
  <suite started-at="2024-08-29T16:12:03 IST" name="Suite" finished-at="2024-08-29T16:12:03 IST" duration-ms="91">
    <groups>
      <group name="red">
        <method signature="TestngGroups.greenandred()[pri:0, instance:com.testng.TestngGroups@6580cfdd]" name="greenandred" class="com.testng.TestngGroups"/>
        <method signature="TestngGroups.red1()[pri:0, instance:com.testng.TestngGroups@6580cfdd]" name="red1" class="com.testng.TestngGroups"/>
        <method signature="TestngGroups.red2()[pri:0, instance:com.testng.TestngGroups@6580cfdd]" name="red2" class="com.testng.TestngGroups"/>
        <method signature="TestngGroups.red3()[pri:0, instance:com.testng.TestngGroups@6580cfdd]" name="red3" class="com.testng.TestngGroups"/>
      </group> <!-- red -->
      <group name="green">
        <method signature="TestngGroups.greenandred()[pri:0, instance:com.testng.TestngGroups@6580cfdd]" name="greenandred" class="com.testng.TestngGroups"/>
      </group> <!-- green -->
    </groups>
    <test started-at="2024-08-29T16:12:03 IST" name="Test" finished-at="2024-08-29T16:12:03 IST" duration-ms="91">
      <class name="com.testng.TestngGroups">
        <test-method signature="greenandred()[pri:0, instance:com.testng.TestngGroups@6580cfdd]" started-at="2024-08-29T16:12:03 IST" name="greenandred" finished-at="2024-08-29T16:12:03 IST" duration-ms="16" status="PASS">
          <reporter-output>
          </reporter-output>
        </test-method> <!-- greenandred -->
        <test-method signature="red1()[pri:0, instance:com.testng.TestngGroups@6580cfdd]" started-at="2024-08-29T16:12:03 IST" name="red1" finished-at="2024-08-29T16:12:03 IST" duration-ms="4" status="PASS">
          <reporter-output>
          </reporter-output>
        </test-method> <!-- red1 -->
        <test-method signature="red2()[pri:0, instance:com.testng.TestngGroups@6580cfdd]" started-at="2024-08-29T16:12:03 IST" name="red2" finished-at="2024-08-29T16:12:03 IST" duration-ms="3" status="PASS">
          <reporter-output>
          </reporter-output>
        </test-method> <!-- red2 -->
        <test-method signature="red3()[pri:0, instance:com.testng.TestngGroups@6580cfdd]" started-at="2024-08-29T16:12:03 IST" name="red3" finished-at="2024-08-29T16:12:03 IST" duration-ms="2" status="PASS">
          <reporter-output>
          </reporter-output>
        </test-method> <!-- red3 -->
      </class> <!-- com.testng.TestngGroups -->
    </test> <!-- Test -->
  </suite> <!-- Suite -->
</testng-results>
