<?xml version="1.0" encoding="UTF-8"?>
<!-- Generated by org.testng.reporters.JUnitXMLReporter -->
<testsuite ignored="3" hostname="LAPTOP-425OC920" failures="0" tests="4" name="Test" time="0.091" errors="0" timestamp="2024-08-29T16:12:03 IST">
  <testcase classname="com.testng.TestngGroups" name="greenandred" time="0.016"/>
  <testcase classname="com.testng.TestngGroups" name="red1" time="0.004"/>
  <testcase classname="com.testng.TestngGroups" name="red2" time="0.003"/>
  <testcase classname="com.testng.TestngGroups" name="red3" time="0.002"/>
  <testcase classname="com.testng.TestngGroups" name="green1" time="0.0">
    <ignored/>
  </testcase> <!-- green1 -->
  <testcase classname="com.testng.TestngGroups" name="green2" time="0.0">
    <ignored/>
  </testcase> <!-- green2 -->
  <testcase classname="com.testng.TestngGroups" name="green3" time="0.0">
    <ignored/>
  </testcase> <!-- green3 -->
</testsuite> <!-- Test -->
